<?xml version="1.0" encoding="UTF-8"?>
<testsuite name="hello.advanced.trace.strategy.code.template.TemplateCallbackTest" tests="1" skipped="0" failures="0" errors="0" timestamp="2023-08-13T14:18:44" hostname="johyeonhwaui-MacBookPro.local" time="0.037">
  <properties/>
  <testcase name="callbackV1()" classname="hello.advanced.trace.strategy.code.template.TemplateCallbackTest" time="0.037"/>
  <system-out><![CDATA[23:18:44.024 [Test worker] INFO hello.advanced.trace.strategy.code.template.TemplateCallbackTest - 비즈니스 로직1 실행
23:18:44.030 [Test worker] INFO hello.advanced.trace.strategy.code.template.TimeLogTemplate - resultTime=8
23:18:44.032 [Test worker] INFO hello.advanced.trace.strategy.code.template.TemplateCallbackTest - 비즈니스 로직2 실행
23:18:44.033 [Test worker] INFO hello.advanced.trace.strategy.code.template.TimeLogTemplate - resultTime=1
]]></system-out>
  <system-err><![CDATA[]]></system-err>
</testsuite>
