<?xml version="1.0" encoding="UTF-8"?>
<testsuite name="hello.advanced.trace.teamplate.TemplateMethodTest" tests="1" skipped="0" failures="0" errors="0" timestamp="2023-08-12T08:06:23" hostname="johyeonhwaui-MacBookPro.local" time="0.037">
  <properties/>
  <testcase name="templateMethodV2()" classname="hello.advanced.trace.teamplate.TemplateMethodTest" time="0.037"/>
  <system-out><![CDATA[17:06:23.203 [Test worker] INFO hello.advanced.trace.teamplate.TemplateMethodTest - template1 class=class hello.advanced.trace.teamplate.TemplateMethodTest$1
17:06:23.211 [Test worker] INFO hello.advanced.trace.teamplate.TemplateMethodTest - 비즈니스 로직1 실행
17:06:23.212 [Test worker] INFO hello.advanced.trace.teamplate.code.AbstractTemplate - resultTime=0
17:06:23.212 [Test worker] INFO hello.advanced.trace.teamplate.TemplateMethodTest - template2 class=class hello.advanced.trace.teamplate.TemplateMethodTest$2
17:06:23.212 [Test worker] INFO hello.advanced.trace.teamplate.TemplateMethodTest - 비즈니스 로직2 실행
17:06:23.213 [Test worker] INFO hello.advanced.trace.teamplate.code.AbstractTemplate - resultTime=1
]]></system-out>
  <system-err><![CDATA[]]></system-err>
</testsuite>
