<?xml version="1.0" encoding="UTF-8"?>
<testsuite name="hello.advanced.trace.strategy.ContextV2Test" tests="1" skipped="0" failures="0" errors="0" timestamp="2023-08-13T13:32:06" hostname="johyeonhwaui-MacBookPro.local" time="0.035">
  <properties/>
  <testcase name="strategyV2()" classname="hello.advanced.trace.strategy.ContextV2Test" time="0.035"/>
  <system-out><![CDATA[22:32:06.582 [Test worker] INFO hello.advanced.trace.strategy.ContextV2Test - 비즈니스 로직 1 실행
22:32:06.587 [Test worker] INFO hello.advanced.trace.strategy.code.strategy.ContextV2 - resultTime=7
22:32:06.590 [Test worker] INFO hello.advanced.trace.strategy.ContextV2Test - 비즈니스 로직 2 실행
22:32:06.590 [Test worker] INFO hello.advanced.trace.strategy.code.strategy.ContextV2 - resultTime=0
]]></system-out>
  <system-err><![CDATA[]]></system-err>
</testsuite>
