<?xml version="1.0" encoding="UTF-8"?>
<testsuite name="hello.advanced.trace.template.TemplateMethodTest" tests="1" skipped="0" failures="0" errors="0" timestamp="2023-08-12T07:46:47" hostname="johyeonhwaui-MacBookPro.local" time="0.041">
  <properties/>
  <testcase name="templateMethodV0()" classname="hello.advanced.trace.template.TemplateMethodTest" time="0.041"/>
  <system-out><![CDATA[16:46:47.580 [Test worker] INFO hello.advanced.trace.template.TemplateMethodTest - 비즈니스 로직 1 실행
16:46:47.587 [Test worker] INFO hello.advanced.trace.template.TemplateMethodTest - resultTime=9
16:46:47.589 [Test worker] INFO hello.advanced.trace.template.TemplateMethodTest - 비즈니스 로직 1 실행
16:46:47.590 [Test worker] INFO hello.advanced.trace.template.TemplateMethodTest - resultTime=1
]]></system-out>
  <system-err><![CDATA[]]></system-err>
</testsuite>
